<?xml version="1.0" encoding="UTF-8"?>
<testng-results ignored="0" total="1" passed="1" failed="0" skipped="0">
  <reporter-output>
  </reporter-output>
  <suite started-at="2022-11-29T10:55:12 EST" name="Surefire suite" finished-at="2022-11-29T10:55:12 EST" duration-ms="58">
    <groups>
    </groups>
    <test started-at="2022-11-29T10:55:12 EST" name="Surefire test" finished-at="2022-11-29T10:55:12 EST" duration-ms="58">
      <class name="com.SecondTestCase.AppTest">
        <test-method signature="shouldAnswerWithTrue()" started-at="2022-11-29T10:55:12 EST" name="shouldAnswerWithTrue" finished-at="2022-11-29T10:55:12 EST" duration-ms="8" status="PASS">
          <reporter-output>
          </reporter-output>
        </test-method> <!-- shouldAnswerWithTrue -->
      </class> <!-- com.SecondTestCase.AppTest -->
    </test> <!-- Surefire test -->
  </suite> <!-- Surefire suite -->
</testng-results>
