<?xml version="1.0" encoding="UTF-8"?>
<!-- Generated by org.testng.reporters.JUnitXMLReporter -->
<testsuite ignored="0" hostname="DESKTOP-QVFICS5" failures="0" tests="3" name="Default test" time="25.316" errors="0" timestamp="2022-11-30T12:34:39 EST">
  <testcase classname="com.SecondTestCase.LogInTest" name="Login" time="6.233"/>
  <testcase classname="com.SecondTestCase.LogInTest" name="email" time="7.375"/>
  <testcase classname="com.SecondTestCase.LogInTest" name="weatherLigIN" time="4.779"/>
</testsuite> <!-- Default test -->
