<?xml version="1.0" encoding="UTF-8"?>
<testng-results ignored="0" total="3" passed="3" failed="0" skipped="0">
  <reporter-output>
  </reporter-output>
  <suite started-at="2022-11-30T12:34:14 EST" name="Default suite" finished-at="2022-11-30T12:34:39 EST" duration-ms="25316">
    <groups>
    </groups>
    <test started-at="2022-11-30T12:34:14 EST" name="Default test" finished-at="2022-11-30T12:34:39 EST" duration-ms="25316">
      <class name="com.SecondTestCase.LogInTest">
        <test-method is-config="true" signature="Initiation()[pri:0, instance:com.SecondTestCase.LogInTest@74fe5c40]" started-at="2022-11-30T12:34:14 EST" name="Initiation" finished-at="2022-11-30T12:34:20 EST" duration-ms="6698" status="PASS">
          <reporter-output>
          </reporter-output>
        </test-method> <!-- Initiation -->
        <test-method signature="Login()[pri:0, instance:com.SecondTestCase.LogInTest@74fe5c40]" started-at="2022-11-30T12:34:20 EST" name="Login" finished-at="2022-11-30T12:34:27 EST" duration-ms="6233" status="PASS">
          <reporter-output>
          </reporter-output>
        </test-method> <!-- Login -->
        <test-method signature="email()[pri:0, instance:com.SecondTestCase.LogInTest@74fe5c40]" started-at="2022-11-30T12:34:27 EST" name="email" finished-at="2022-11-30T12:34:34 EST" duration-ms="7375" status="PASS">
          <reporter-output>
          </reporter-output>
        </test-method> <!-- email -->
        <test-method signature="weatherLigIN()[pri:0, instance:com.SecondTestCase.LogInTest@74fe5c40]" started-at="2022-11-30T12:34:34 EST" name="weatherLigIN" finished-at="2022-11-30T12:34:39 EST" duration-ms="4779" status="PASS">
          <reporter-output>
          </reporter-output>
        </test-method> <!-- weatherLigIN -->
        <test-method is-config="true" signature="Close()[pri:0, instance:com.SecondTestCase.LogInTest@74fe5c40]" started-at="2022-11-30T12:34:39 EST" name="Close" finished-at="2022-11-30T12:34:39 EST" duration-ms="188" status="PASS">
          <reporter-output>
          </reporter-output>
        </test-method> <!-- Close -->
      </class> <!-- com.SecondTestCase.LogInTest -->
    </test> <!-- Default test -->
  </suite> <!-- Default suite -->
</testng-results>
